  depense.cpp
  gestionnaireDepenses.cpp
c:\users\charles\documents\a.école\polytechnique\session 3\inf1010\laboratoire\lab 5\td5\td5\gestionnairegenerique.h(27): error C2953: 'GestionnaireGenerique': class template has already been defined
  c:\users\charles\documents\a.école\polytechnique\session 3\inf1010\laboratoire\lab 5\td5\td5\gestionnairegenerique.h(8): note: see declaration of 'GestionnaireGenerique'
c:\users\charles\documents\a.école\polytechnique\session 3\inf1010\laboratoire\lab 5\td5\td5\gestionnaireutilisateurs.h(13): error C2955: 'GestionnaireGenerique': use of class template requires template argument list
  c:\users\charles\documents\a.école\polytechnique\session 3\inf1010\laboratoire\lab 5\td5\td5\gestionnairegenerique.h(8): note: see declaration of 'GestionnaireGenerique'
c:\users\charles\documents\a.école\polytechnique\session 3\inf1010\laboratoire\lab 5\td5\td5\groupe.h(48): error C2143: syntax error: missing ';' before '*'
c:\users\charles\documents\a.école\polytechnique\session 3\inf1010\laboratoire\lab 5\td5\td5\groupe.h(48): error C4430: missing type specifier - int assumed. Note: C++ does not support default-int
c:\users\charles\documents\a.école\polytechnique\session 3\inf1010\laboratoire\lab 5\td5\td5\groupe.h(48): error C2238: unexpected token(s) preceding ';'
c:\users\charles\documents\a.école\polytechnique\session 3\inf1010\laboratoire\lab 5\td5\td5\groupe.h(72): error C2143: syntax error: missing ';' before '*'
c:\users\charles\documents\a.école\polytechnique\session 3\inf1010\laboratoire\lab 5\td5\td5\groupe.h(72): error C4430: missing type specifier - int assumed. Note: C++ does not support default-int
c:\users\charles\documents\a.école\polytechnique\session 3\inf1010\laboratoire\lab 5\td5\td5\groupe.h(72): error C2238: unexpected token(s) preceding ';'
c:\users\charles\documents\a.école\polytechnique\session 3\inf1010\laboratoire\lab 5\td5\td5\foncteur.h(22): error C2011: 'AjouterDepense': 'class' type redefinition
  c:\users\charles\documents\a.école\polytechnique\session 3\inf1010\laboratoire\lab 5\td5\td5\foncteur.h(22): note: see declaration of 'AjouterDepense'
c:\users\charles\documents\a.école\polytechnique\session 3\inf1010\laboratoire\lab 5\td5\td5\foncteur.h(44): error C2011: 'AjouterUtilisateur': 'class' type redefinition
  c:\users\charles\documents\a.école\polytechnique\session 3\inf1010\laboratoire\lab 5\td5\td5\foncteur.h(44): note: see declaration of 'AjouterUtilisateur'
c:\users\charles\documents\a.école\polytechnique\session 3\inf1010\laboratoire\lab 5\td5\td5\foncteur.h(67): error C2011: 'FoncteurIntervalle': 'class' type redefinition
  c:\users\charles\documents\a.école\polytechnique\session 3\inf1010\laboratoire\lab 5\td5\td5\foncteur.h(67): note: see declaration of 'FoncteurIntervalle'
c:\users\charles\documents\a.école\polytechnique\session 3\inf1010\laboratoire\lab 5\td5\td5\gestionnairedepenses.h(10): error C2955: 'GestionnaireGenerique': use of class template requires template argument list
  c:\users\charles\documents\a.école\polytechnique\session 3\inf1010\laboratoire\lab 5\td5\td5\gestionnairegenerique.h(8): note: see declaration of 'GestionnaireGenerique'
c:\users\charles\documents\a.école\polytechnique\session 3\inf1010\laboratoire\lab 5\td5\td5\gestionnairedepenses.cpp(7): error C2039: 'conteneur_': is not a member of 'GestionnaireDepenses'
  c:\users\charles\documents\a.école\polytechnique\session 3\inf1010\laboratoire\lab 5\td5\td5\gestionnairedepenses.h(10): note: see declaration of 'GestionnaireDepenses'
c:\users\charles\documents\a.école\polytechnique\session 3\inf1010\laboratoire\lab 5\td5\td5\gestionnairedepenses.cpp(7): error C2065: 'conteneur_': undeclared identifier
c:\users\charles\documents\a.école\polytechnique\session 3\inf1010\laboratoire\lab 5\td5\td5\gestionnairedepenses.cpp(7): error C2672: 'std::for_each': no matching overloaded function found
c:\users\charles\documents\a.école\polytechnique\session 3\inf1010\laboratoire\lab 5\td5\td5\gestionnairedepenses.cpp(7): error C2780: '_Fn std::for_each(_InIt,_InIt,_Fn)': expects 3 arguments - 1 provided
  c:\program files (x86)\microsoft visual studio\2017\enterprise\vc\tools\msvc\14.15.26726\include\algorithm(85): note: see declaration of 'std::for_each'
c:\users\charles\documents\a.école\polytechnique\session 3\inf1010\laboratoire\lab 5\td5\td5\gestionnairedepenses.cpp(11): error C2065: 'conteneur_': undeclared identifier
c:\users\charles\documents\a.école\polytechnique\session 3\inf1010\laboratoire\lab 5\td5\td5\gestionnairedepenses.cpp(17): error C2065: 'conteneur_': undeclared identifier
c:\users\charles\documents\a.école\polytechnique\session 3\inf1010\laboratoire\lab 5\td5\td5\gestionnairedepenses.cpp(19): error C2039: 'conteneur_': is not a member of 'GestionnaireDepenses'
  c:\users\charles\documents\a.école\polytechnique\session 3\inf1010\laboratoire\lab 5\td5\td5\gestionnairedepenses.h(10): note: see declaration of 'GestionnaireDepenses'
c:\users\charles\documents\a.école\polytechnique\session 3\inf1010\laboratoire\lab 5\td5\td5\gestionnairedepenses.cpp(20): error C2039: 'conteneur_': is not a member of 'GestionnaireDepenses'
  c:\users\charles\documents\a.école\polytechnique\session 3\inf1010\laboratoire\lab 5\td5\td5\gestionnairedepenses.h(10): note: see declaration of 'GestionnaireDepenses'
c:\users\charles\documents\a.école\polytechnique\session 3\inf1010\laboratoire\lab 5\td5\td5\gestionnairedepenses.cpp(20): error C2065: 'conteneur_': undeclared identifier
c:\users\charles\documents\a.école\polytechnique\session 3\inf1010\laboratoire\lab 5\td5\td5\gestionnairedepenses.cpp(20): error C2672: 'std::for_each': no matching overloaded function found
c:\users\charles\documents\a.école\polytechnique\session 3\inf1010\laboratoire\lab 5\td5\td5\gestionnairedepenses.cpp(20): error C2780: '_Fn std::for_each(_InIt,_InIt,_Fn)': expects 3 arguments - 1 provided
  c:\program files (x86)\microsoft visual studio\2017\enterprise\vc\tools\msvc\14.15.26726\include\algorithm(85): note: see declaration of 'std::for_each'
c:\users\charles\documents\a.école\polytechnique\session 3\inf1010\laboratoire\lab 5\td5\td5\gestionnairedepenses.cpp(28): error C2065: 'conteneur_': undeclared identifier
c:\users\charles\documents\a.école\polytechnique\session 3\inf1010\laboratoire\lab 5\td5\td5\gestionnairedepenses.cpp(29): error C2065: 'conteneur_': undeclared identifier
  gestionnaireUtilisateurs.cpp
c:\users\charles\documents\a.école\polytechnique\session 3\inf1010\laboratoire\lab 5\td5\td5\gestionnaireutilisateurs.h(13): error C2065: 'map': undeclared identifier
c:\users\charles\documents\a.école\polytechnique\session 3\inf1010\laboratoire\lab 5\td5\td5\gestionnaireutilisateurs.h(13): error C2059: syntax error: ','
c:\users\charles\documents\a.école\polytechnique\session 3\inf1010\laboratoire\lab 5\td5\td5\gestionnaireutilisateurs.h(13): error C2976: 'GestionnaireGenerique': too few template arguments
  c:\users\charles\documents\a.école\polytechnique\session 3\inf1010\laboratoire\lab 5\td5\td5\gestionnairegenerique.h(8): note: see declaration of 'GestionnaireGenerique'
c:\users\charles\documents\a.école\polytechnique\session 3\inf1010\laboratoire\lab 5\td5\td5\gestionnaireutilisateurs.h(13): error C2955: 'GestionnaireGenerique': use of class template requires template argument list
  c:\users\charles\documents\a.école\polytechnique\session 3\inf1010\laboratoire\lab 5\td5\td5\gestionnairegenerique.h(8): note: see declaration of 'GestionnaireGenerique'
c:\users\charles\documents\a.école\polytechnique\session 3\inf1010\laboratoire\lab 5\td5\td5\gestionnaireutilisateurs.h(13): error C2504: 'AjouterUtilisateur': base class undefined
c:\users\charles\documents\a.école\polytechnique\session 3\inf1010\laboratoire\lab 5\td5\td5\gestionnaireutilisateurs.h(13): error C2143: syntax error: missing ',' before '>'
c:\users\charles\documents\a.école\polytechnique\session 3\inf1010\laboratoire\lab 5\td5\td5\gestionnairegenerique.h(27): error C2953: 'GestionnaireGenerique': class template has already been defined
  c:\users\charles\documents\a.école\polytechnique\session 3\inf1010\laboratoire\lab 5\td5\td5\gestionnairegenerique.h(8): note: see declaration of 'GestionnaireGenerique'
c:\users\charles\documents\a.école\polytechnique\session 3\inf1010\laboratoire\lab 5\td5\td5\foncteur.h(22): error C2011: 'AjouterDepense': 'class' type redefinition
  c:\users\charles\documents\a.école\polytechnique\session 3\inf1010\laboratoire\lab 5\td5\td5\foncteur.h(22): note: see declaration of 'AjouterDepense'
c:\users\charles\documents\a.école\polytechnique\session 3\inf1010\laboratoire\lab 5\td5\td5\foncteur.h(44): error C2011: 'AjouterUtilisateur': 'class' type redefinition
  c:\users\charles\documents\a.école\polytechnique\session 3\inf1010\laboratoire\lab 5\td5\td5\foncteur.h(44): note: see declaration of 'AjouterUtilisateur'
c:\users\charles\documents\a.école\polytechnique\session 3\inf1010\laboratoire\lab 5\td5\td5\foncteur.h(67): error C2011: 'FoncteurIntervalle': 'class' type redefinition
  c:\users\charles\documents\a.école\polytechnique\session 3\inf1010\laboratoire\lab 5\td5\td5\foncteur.h(67): note: see declaration of 'FoncteurIntervalle'
c:\users\charles\documents\a.école\polytechnique\session 3\inf1010\laboratoire\lab 5\td5\td5\gestionnairedepenses.h(10): error C2955: 'GestionnaireGenerique': use of class template requires template argument list
  c:\users\charles\documents\a.école\polytechnique\session 3\inf1010\laboratoire\lab 5\td5\td5\gestionnairegenerique.h(8): note: see declaration of 'GestionnaireGenerique'
c:\users\charles\documents\a.école\polytechnique\session 3\inf1010\laboratoire\lab 5\td5\td5\gestionnaireutilisateurs.cpp(19): error C2039: 'conteneur_': is not a member of 'GestionnaireUtilisateurs'
  c:\users\charles\documents\a.école\polytechnique\session 3\inf1010\laboratoire\lab 5\td5\td5\gestionnaireutilisateurs.h(13): note: see declaration of 'GestionnaireUtilisateurs'
c:\users\charles\documents\a.école\polytechnique\session 3\inf1010\laboratoire\lab 5\td5\td5\gestionnaireutilisateurs.cpp(19): error C2065: 'conteneur_': undeclared identifier
c:\users\charles\documents\a.école\polytechnique\session 3\inf1010\laboratoire\lab 5\td5\td5\gestionnaireutilisateurs.cpp(19): error C2672: 'std::for_each': no matching overloaded function found
c:\users\charles\documents\a.école\polytechnique\session 3\inf1010\laboratoire\lab 5\td5\td5\gestionnaireutilisateurs.cpp(19): error C2780: '_Fn std::for_each(_InIt,_InIt,_Fn)': expects 3 arguments - 1 provided
  c:\program files (x86)\microsoft visual studio\2017\enterprise\vc\tools\msvc\14.15.26726\include\algorithm(85): note: see declaration of 'std::for_each'
c:\users\charles\documents\a.école\polytechnique\session 3\inf1010\laboratoire\lab 5\td5\td5\gestionnaireutilisateurs.cpp(23): error C2065: 'conteneur_': undeclared identifier
c:\users\charles\documents\a.école\polytechnique\session 3\inf1010\laboratoire\lab 5\td5\td5\gestionnaireutilisateurs.cpp(36): error C2065: 'conteneur_': undeclared identifier
c:\users\charles\documents\a.école\polytechnique\session 3\inf1010\laboratoire\lab 5\td5\td5\gestionnaireutilisateurs.cpp(43): error C2065: 'conteneur_': undeclared identifier
c:\users\charles\documents\a.école\polytechnique\session 3\inf1010\laboratoire\lab 5\td5\td5\gestionnaireutilisateurs.cpp(58): error C2065: 'conteneur_': undeclared identifier
c:\users\charles\documents\a.école\polytechnique\session 3\inf1010\laboratoire\lab 5\td5\td5\gestionnaireutilisateurs.cpp(58): error C2672: 'std::make_pair': no matching overloaded function found
c:\users\charles\documents\a.école\polytechnique\session 3\inf1010\laboratoire\lab 5\td5\td5\gestionnaireutilisateurs.cpp(58): error C2780: 'std::pair<_Unrefwrap_helper<decay<_Ty>::type>::type,_Unrefwrap_helper<decay<_Ty2>::type>::type> std::make_pair(_Ty1 &&,_Ty2 &&)': expects 2 arguments - 1 provided
  c:\program files (x86)\microsoft visual studio\2017\enterprise\vc\tools\msvc\14.15.26726\include\utility(402): note: see declaration of 'std::make_pair'
c:\users\charles\documents\a.école\polytechnique\session 3\inf1010\laboratoire\lab 5\td5\td5\gestionnaireutilisateurs.cpp(59): error C2065: 'conteneur_': undeclared identifier
c:\users\charles\documents\a.école\polytechnique\session 3\inf1010\laboratoire\lab 5\td5\td5\gestionnaireutilisateurs.cpp(72): error C3861: 'getConteneur': identifier not found
c:\users\charles\documents\a.école\polytechnique\session 3\inf1010\laboratoire\lab 5\td5\td5\gestionnaireutilisateurs.cpp(72): error C2672: 'std::make_pair': no matching overloaded function found
c:\users\charles\documents\a.école\polytechnique\session 3\inf1010\laboratoire\lab 5\td5\td5\gestionnaireutilisateurs.cpp(72): error C2780: 'std::pair<_Unrefwrap_helper<decay<_Ty>::type>::type,_Unrefwrap_helper<decay<_Ty2>::type>::type> std::make_pair(_Ty1 &&,_Ty2 &&)': expects 2 arguments - 1 provided
  c:\program files (x86)\microsoft visual studio\2017\enterprise\vc\tools\msvc\14.15.26726\include\utility(402): note: see declaration of 'std::make_pair'
c:\users\charles\documents\a.école\polytechnique\session 3\inf1010\laboratoire\lab 5\td5\td5\gestionnaireutilisateurs.cpp(73): error C2065: 'conteneur_': undeclared identifier
c:\users\charles\documents\a.école\polytechnique\session 3\inf1010\laboratoire\lab 5\td5\td5\gestionnaireutilisateurs.cpp(83): error C2065: 'conteneur_': undeclared identifier
c:\users\charles\documents\a.école\polytechnique\session 3\inf1010\laboratoire\lab 5\td5\td5\gestionnaireutilisateurs.cpp(83): error C2672: 'find_if': no matching overloaded function found
c:\users\charles\documents\a.école\polytechnique\session 3\inf1010\laboratoire\lab 5\td5\td5\gestionnaireutilisateurs.cpp(83): error C2780: '_InIt std::find_if(_InIt,const _InIt,_Pr)': expects 3 arguments - 2 provided
  c:\program files (x86)\microsoft visual studio\2017\enterprise\vc\tools\msvc\14.15.26726\include\algorithm(167): note: see declaration of 'std::find_if'
c:\users\charles\documents\a.école\polytechnique\session 3\inf1010\laboratoire\lab 5\td5\td5\gestionnaireutilisateurs.cpp(90): error C2065: 'conteneur_': undeclared identifier
c:\users\charles\documents\a.école\polytechnique\session 3\inf1010\laboratoire\lab 5\td5\td5\gestionnaireutilisateurs.cpp(90): error C2027: use of undefined type 'FoncteurIntervalle'
  c:\users\charles\documents\a.école\polytechnique\session 3\inf1010\laboratoire\lab 5\td5\td5\foncteur.h(67): note: see declaration of 'FoncteurIntervalle'
c:\users\charles\documents\a.école\polytechnique\session 3\inf1010\laboratoire\lab 5\td5\td5\gestionnaireutilisateurs.cpp(90): error C2672: 'copy_if': no matching overloaded function found
c:\users\charles\documents\a.école\polytechnique\session 3\inf1010\laboratoire\lab 5\td5\td5\gestionnaireutilisateurs.cpp(90): error C2780: '_DestTy *std::copy_if(_InIt,_InIt,_DestTy (&)[_DestSize],_Pr)': expects 4 arguments - 2 provided
  c:\program files (x86)\microsoft visual studio\2017\enterprise\vc\tools\msvc\14.15.26726\include\algorithm(599): note: see declaration of 'std::copy_if'
c:\users\charles\documents\a.école\polytechnique\session 3\inf1010\laboratoire\lab 5\td5\td5\gestionnaireutilisateurs.cpp(90): error C2780: '_OutIt std::copy_if(_InIt,_InIt,_OutIt,_Pr)': expects 4 arguments - 2 provided
  c:\program files (x86)\microsoft visual studio\2017\enterprise\vc\tools\msvc\14.15.26726\include\algorithm(575): note: see declaration of 'std::copy_if'
  groupe.cpp
c:\users\charles\documents\a.école\polytechnique\session 3\inf1010\laboratoire\lab 5\td5\td5\foncteur.h(22): error C2011: 'AjouterDepense': 'class' type redefinition
  c:\users\charles\documents\a.école\polytechnique\session 3\inf1010\laboratoire\lab 5\td5\td5\foncteur.h(22): note: see declaration of 'AjouterDepense'
c:\users\charles\documents\a.école\polytechnique\session 3\inf1010\laboratoire\lab 5\td5\td5\foncteur.h(44): error C2011: 'AjouterUtilisateur': 'class' type redefinition
  c:\users\charles\documents\a.école\polytechnique\session 3\inf1010\laboratoire\lab 5\td5\td5\foncteur.h(44): note: see declaration of 'AjouterUtilisateur'
c:\users\charles\documents\a.école\polytechnique\session 3\inf1010\laboratoire\lab 5\td5\td5\foncteur.h(67): error C2011: 'FoncteurIntervalle': 'class' type redefinition
  c:\users\charles\documents\a.école\polytechnique\session 3\inf1010\laboratoire\lab 5\td5\td5\foncteur.h(67): note: see declaration of 'FoncteurIntervalle'
c:\users\charles\documents\a.école\polytechnique\session 3\inf1010\laboratoire\lab 5\td5\td5\gestionnairegenerique.h(27): error C2953: 'GestionnaireGenerique': class template has already been defined
  c:\users\charles\documents\a.école\polytechnique\session 3\inf1010\laboratoire\lab 5\td5\td5\gestionnairegenerique.h(8): note: see declaration of 'GestionnaireGenerique'
c:\users\charles\documents\a.école\polytechnique\session 3\inf1010\laboratoire\lab 5\td5\td5\gestionnaireutilisateurs.h(13): error C2955: 'GestionnaireGenerique': use of class template requires template argument list
  c:\users\charles\documents\a.école\polytechnique\session 3\inf1010\laboratoire\lab 5\td5\td5\gestionnairegenerique.h(8): note: see declaration of 'GestionnaireGenerique'
c:\users\charles\documents\a.école\polytechnique\session 3\inf1010\laboratoire\lab 5\td5\td5\groupe.cpp(12): error C2512: 'GestionnaireDepenses::GestionnaireDepenses': no appropriate default constructor available
c:\users\charles\documents\a.école\polytechnique\session 3\inf1010\laboratoire\lab 5\td5\td5\groupe.cpp(13): error C2512: 'GestionnaireUtilisateurs::GestionnaireUtilisateurs': no appropriate default constructor available
c:\users\charles\documents\a.école\polytechnique\session 3\inf1010\laboratoire\lab 5\td5\td5\groupe.cpp(17): error C2512: 'GestionnaireDepenses::GestionnaireDepenses': no appropriate default constructor available
c:\users\charles\documents\a.école\polytechnique\session 3\inf1010\laboratoire\lab 5\td5\td5\groupe.cpp(18): error C2512: 'GestionnaireUtilisateurs::GestionnaireUtilisateurs': no appropriate default constructor available
c:\users\charles\documents\a.école\polytechnique\session 3\inf1010\laboratoire\lab 5\td5\td5\groupe.cpp(22): error C2039: 'getDepenses': is not a member of 'GestionnaireDepenses'
  c:\users\charles\documents\a.école\polytechnique\session 3\inf1010\laboratoire\lab 5\td5\td5\gestionnairedepenses.h(10): note: see declaration of 'GestionnaireDepenses'
c:\users\charles\documents\a.école\polytechnique\session 3\inf1010\laboratoire\lab 5\td5\td5\groupe.cpp(23): warning C4018: '<': signed/unsigned mismatch
c:\users\charles\documents\a.école\polytechnique\session 3\inf1010\laboratoire\lab 5\td5\td5\groupe.cpp(26): warning C4018: '<': signed/unsigned mismatch
c:\users\charles\documents\a.école\polytechnique\session 3\inf1010\laboratoire\lab 5\td5\td5\groupe.cpp(49): error C2065: 'gestionnaireUtisateurs_': undeclared identifier
c:\users\charles\documents\a.école\polytechnique\session 3\inf1010\laboratoire\lab 5\td5\td5\groupe.cpp(91): error C2039: 'getIndexDe': is not a member of 'GestionnaireUtilisateurs'
  c:\users\charles\documents\a.école\polytechnique\session 3\inf1010\laboratoire\lab 5\td5\td5\gestionnaireutilisateurs.h(13): note: see declaration of 'GestionnaireUtilisateurs'
c:\users\charles\documents\a.école\polytechnique\session 3\inf1010\laboratoire\lab 5\td5\td5\groupe.cpp(103): error C2039: 'ajouterDepense': is not a member of 'GestionnaireDepenses'
  c:\users\charles\documents\a.école\polytechnique\session 3\inf1010\laboratoire\lab 5\td5\td5\gestionnairedepenses.h(10): note: see declaration of 'GestionnaireDepenses'
c:\users\charles\documents\a.école\polytechnique\session 3\inf1010\laboratoire\lab 5\td5\td5\groupe.cpp(108): error C2039: 'getNombreUtilisateurs': is not a member of 'GestionnaireUtilisateurs'
  c:\users\charles\documents\a.école\polytechnique\session 3\inf1010\laboratoire\lab 5\td5\td5\gestionnaireutilisateurs.h(13): note: see declaration of 'GestionnaireUtilisateurs'
c:\users\charles\documents\a.école\polytechnique\session 3\inf1010\laboratoire\lab 5\td5\td5\groupe.cpp(110): error C2039: 'getNombreUtilisateurs': is not a member of 'GestionnaireUtilisateurs'
  c:\users\charles\documents\a.école\polytechnique\session 3\inf1010\laboratoire\lab 5\td5\td5\gestionnaireutilisateurs.h(13): note: see declaration of 'GestionnaireUtilisateurs'
c:\users\charles\documents\a.école\polytechnique\session 3\inf1010\laboratoire\lab 5\td5\td5\groupe.cpp(121): error C2039: 'ajouterUtilisateur': is not a member of 'GestionnaireUtilisateurs'
  c:\users\charles\documents\a.école\polytechnique\session 3\inf1010\laboratoire\lab 5\td5\td5\gestionnaireutilisateurs.h(13): note: see declaration of 'GestionnaireUtilisateurs'
c:\users\charles\documents\a.école\polytechnique\session 3\inf1010\laboratoire\lab 5\td5\td5\groupe.cpp(139): error C2039: 'getNombreUtilisateurs': is not a member of 'GestionnaireUtilisateurs'
  c:\users\charles\documents\a.école\polytechnique\session 3\inf1010\laboratoire\lab 5\td5\td5\gestionnaireutilisateurs.h(13): note: see declaration of 'GestionnaireUtilisateurs'
c:\users\charles\documents\a.école\polytechnique\session 3\inf1010\laboratoire\lab 5\td5\td5\groupe.cpp(152): error C2039: 'getUtilisateurParIndex': is not a member of 'GestionnaireUtilisateurs'
  c:\users\charles\documents\a.école\polytechnique\session 3\inf1010\laboratoire\lab 5\td5\td5\gestionnaireutilisateurs.h(13): note: see declaration of 'GestionnaireUtilisateurs'
c:\users\charles\documents\a.école\polytechnique\session 3\inf1010\laboratoire\lab 5\td5\td5\groupe.cpp(153): error C2039: 'getUtilisateurParIndex': is not a member of 'GestionnaireUtilisateurs'
  c:\users\charles\documents\a.école\polytechnique\session 3\inf1010\laboratoire\lab 5\td5\td5\gestionnaireutilisateurs.h(13): note: see declaration of 'GestionnaireUtilisateurs'
c:\users\charles\documents\a.école\polytechnique\session 3\inf1010\laboratoire\lab 5\td5\td5\groupe.cpp(153): error C2664: 'TransfertInterac::TransfertInterac(TransfertInterac &&)': cannot convert argument 1 from 'double' to 'const TransfertInterac &'
  c:\users\charles\documents\a.école\polytechnique\session 3\inf1010\laboratoire\lab 5\td5\td5\groupe.cpp(153): note: Reason: cannot convert from 'double' to 'const TransfertInterac'
  c:\users\charles\documents\a.école\polytechnique\session 3\inf1010\laboratoire\lab 5\td5\td5\groupe.cpp(153): note: No constructor could take the source type, or constructor overload resolution was ambiguous
c:\users\charles\documents\a.école\polytechnique\session 3\inf1010\laboratoire\lab 5\td5\td5\groupe.cpp(158): error C2039: 'getUtilisateurParIndex': is not a member of 'GestionnaireUtilisateurs'
  c:\users\charles\documents\a.école\polytechnique\session 3\inf1010\laboratoire\lab 5\td5\td5\gestionnaireutilisateurs.h(13): note: see declaration of 'GestionnaireUtilisateurs'
c:\users\charles\documents\a.école\polytechnique\session 3\inf1010\laboratoire\lab 5\td5\td5\groupe.cpp(158): error C2664: 'TransfertPaypal::TransfertPaypal(TransfertPaypal &&)': cannot convert argument 1 from 'double' to 'const TransfertPaypal &'
  c:\users\charles\documents\a.école\polytechnique\session 3\inf1010\laboratoire\lab 5\td5\td5\groupe.cpp(158): note: Reason: cannot convert from 'double' to 'const TransfertPaypal'
  c:\users\charles\documents\a.école\polytechnique\session 3\inf1010\laboratoire\lab 5\td5\td5\groupe.cpp(158): note: No constructor could take the source type, or constructor overload resolution was ambiguous
c:\users\charles\documents\a.école\polytechnique\session 3\inf1010\laboratoire\lab 5\td5\td5\groupe.cpp(166): error C2039: 'getUtilisateurParIndex': is not a member of 'GestionnaireUtilisateurs'
  c:\users\charles\documents\a.école\polytechnique\session 3\inf1010\laboratoire\lab 5\td5\td5\gestionnaireutilisateurs.h(13): note: see declaration of 'GestionnaireUtilisateurs'
c:\users\charles\documents\a.école\polytechnique\session 3\inf1010\laboratoire\lab 5\td5\td5\groupe.cpp(167): error C2039: 'getUtilisateurParIndex': is not a member of 'GestionnaireUtilisateurs'
  c:\users\charles\documents\a.école\polytechnique\session 3\inf1010\laboratoire\lab 5\td5\td5\gestionnaireutilisateurs.h(13): note: see declaration of 'GestionnaireUtilisateurs'
c:\users\charles\documents\a.école\polytechnique\session 3\inf1010\laboratoire\lab 5\td5\td5\groupe.cpp(167): error C2664: 'TransfertInterac::TransfertInterac(TransfertInterac &&)': cannot convert argument 1 from 'double' to 'const TransfertInterac &'
  c:\users\charles\documents\a.école\polytechnique\session 3\inf1010\laboratoire\lab 5\td5\td5\groupe.cpp(167): note: Reason: cannot convert from 'double' to 'const TransfertInterac'
  c:\users\charles\documents\a.école\polytechnique\session 3\inf1010\laboratoire\lab 5\td5\td5\groupe.cpp(167): note: No constructor could take the source type, or constructor overload resolution was ambiguous
c:\users\charles\documents\a.école\polytechnique\session 3\inf1010\laboratoire\lab 5\td5\td5\groupe.cpp(172): error C2039: 'getUtilisateurParIndex': is not a member of 'GestionnaireUtilisateurs'
  c:\users\charles\documents\a.école\polytechnique\session 3\inf1010\laboratoire\lab 5\td5\td5\gestionnaireutilisateurs.h(13): note: see declaration of 'GestionnaireUtilisateurs'
c:\users\charles\documents\a.école\polytechnique\session 3\inf1010\laboratoire\lab 5\td5\td5\groupe.cpp(172): error C2664: 'TransfertPaypal::TransfertPaypal(TransfertPaypal &&)': cannot convert argument 1 from 'double' to 'const TransfertPaypal &'
  c:\users\charles\documents\a.école\polytechnique\session 3\inf1010\laboratoire\lab 5\td5\td5\groupe.cpp(172): note: Reason: cannot convert from 'double' to 'const TransfertPaypal'
  c:\users\charles\documents\a.école\polytechnique\session 3\inf1010\laboratoire\lab 5\td5\td5\groupe.cpp(172): note: No constructor could take the source type, or constructor overload resolution was ambiguous
c:\users\charles\documents\a.école\polytechnique\session 3\inf1010\laboratoire\lab 5\td5\td5\groupe.cpp(185): error C2039: 'getNombreUtilisateurs': is not a member of 'GestionnaireUtilisateurs'
  c:\users\charles\documents\a.école\polytechnique\session 3\inf1010\laboratoire\lab 5\td5\td5\gestionnaireutilisateurs.h(13): note: see declaration of 'GestionnaireUtilisateurs'
c:\users\charles\documents\a.école\polytechnique\session 3\inf1010\laboratoire\lab 5\td5\td5\groupe.cpp(197): error C2039: 'getNombreUtilisateurs': is not a member of 'GestionnaireUtilisateurs'
  c:\users\charles\documents\a.école\polytechnique\session 3\inf1010\laboratoire\lab 5\td5\td5\gestionnaireutilisateurs.h(13): note: see declaration of 'GestionnaireUtilisateurs'
c:\users\charles\documents\a.école\polytechnique\session 3\inf1010\laboratoire\lab 5\td5\td5\groupe.cpp(198): error C2039: 'getUtilisateurParIndex': is not a member of 'GestionnaireUtilisateurs'
  c:\users\charles\documents\a.école\polytechnique\session 3\inf1010\laboratoire\lab 5\td5\td5\gestionnaireutilisateurs.h(13): note: see declaration of 'GestionnaireUtilisateurs'
c:\users\charles\documents\a.école\polytechnique\session 3\inf1010\laboratoire\lab 5\td5\td5\groupe.cpp(204): warning C4018: '<': signed/unsigned mismatch
c:\users\charles\documents\a.école\polytechnique\session 3\inf1010\laboratoire\lab 5\td5\td5\groupe.cpp(209): warning C4018: '<': signed/unsigned mismatch
c:\users\charles\documents\a.école\polytechnique\session 3\inf1010\laboratoire\lab 5\td5\td5\groupe.cpp(210): error C2039: 'getUtilisateurParIndex': is not a member of 'GestionnaireUtilisateurs'
  c:\users\charles\documents\a.école\polytechnique\session 3\inf1010\laboratoire\lab 5\td5\td5\gestionnaireutilisateurs.h(13): note: see declaration of 'GestionnaireUtilisateurs'
  main.cpp
c:\users\charles\documents\a.école\polytechnique\session 3\inf1010\laboratoire\lab 5\td5\td5\main.cpp(8): warning C4067: unexpected tokens following preprocessor directive - expected a newline
c:\users\charles\documents\a.école\polytechnique\session 3\inf1010\laboratoire\lab 5\td5\td5\foncteur.h(22): error C2011: 'AjouterDepense': 'class' type redefinition
  c:\users\charles\documents\a.école\polytechnique\session 3\inf1010\laboratoire\lab 5\td5\td5\foncteur.h(22): note: see declaration of 'AjouterDepense'
c:\users\charles\documents\a.école\polytechnique\session 3\inf1010\laboratoire\lab 5\td5\td5\foncteur.h(44): error C2011: 'AjouterUtilisateur': 'class' type redefinition
  c:\users\charles\documents\a.école\polytechnique\session 3\inf1010\laboratoire\lab 5\td5\td5\foncteur.h(44): note: see declaration of 'AjouterUtilisateur'
c:\users\charles\documents\a.école\polytechnique\session 3\inf1010\laboratoire\lab 5\td5\td5\foncteur.h(67): error C2011: 'FoncteurIntervalle': 'class' type redefinition
  c:\users\charles\documents\a.école\polytechnique\session 3\inf1010\laboratoire\lab 5\td5\td5\foncteur.h(67): note: see declaration of 'FoncteurIntervalle'
c:\users\charles\documents\a.école\polytechnique\session 3\inf1010\laboratoire\lab 5\td5\td5\gestionnairegenerique.h(27): error C2953: 'GestionnaireGenerique': class template has already been defined
  c:\users\charles\documents\a.école\polytechnique\session 3\inf1010\laboratoire\lab 5\td5\td5\gestionnairegenerique.h(8): note: see declaration of 'GestionnaireGenerique'
c:\users\charles\documents\a.école\polytechnique\session 3\inf1010\laboratoire\lab 5\td5\td5\gestionnaireutilisateurs.h(13): error C2955: 'GestionnaireGenerique': use of class template requires template argument list
  c:\users\charles\documents\a.école\polytechnique\session 3\inf1010\laboratoire\lab 5\td5\td5\gestionnairegenerique.h(8): note: see declaration of 'GestionnaireGenerique'
c:\users\charles\documents\a.école\polytechnique\session 3\inf1010\laboratoire\lab 5\td5\td5\main.cpp(269): warning C4244: 'argument': conversion from 'double' to 'float', possible loss of data
c:\users\charles\documents\a.école\polytechnique\session 3\inf1010\laboratoire\lab 5\td5\td5\main.cpp(309): warning C4018: '<': signed/unsigned mismatch
  transfert.cpp
  TransfertInterac.cpp
  TransfertPaypal.cpp
  utilisateur.cpp
  utilisateurPremium.cpp
  utilisateurRegulier.cpp
  Generating Code...
